<?xml version="1.0" encoding="UTF-8"?>
<testng-results ignored="0" total="1" passed="1" failed="0" skipped="0">
  <reporter-output>
  </reporter-output>
  <suite started-at="2024-06-15T20:52:45 IST" name="Default suite" finished-at="2024-06-15T20:53:00 IST" duration-ms="15329">
    <groups>
    </groups>
    <test started-at="2024-06-15T20:52:45 IST" name="Default test" finished-at="2024-06-15T20:53:00 IST" duration-ms="15329">
      <class name="testlayer.BuyFunctionality">
        <test-method is-config="true" signature="start()[pri:0, instance:testlayer.BuyFunctionality@59474f18]" started-at="2024-06-15T20:52:45 IST" name="start" finished-at="2024-06-15T20:52:45 IST" duration-ms="115" status="PASS">
          <reporter-output>
          </reporter-output>
        </test-method> <!-- start -->
        <test-method is-config="true" signature="setup()[pri:0, instance:testlayer.BuyFunctionality@59474f18]" started-at="2024-06-15T20:52:45 IST" name="setup" finished-at="2024-06-15T20:52:49 IST" duration-ms="4084" status="PASS">
          <reporter-output>
          </reporter-output>
        </test-method> <!-- setup -->
        <test-method signature="verifyBuyFunctionalityWithLogin()[pri:0, instance:testlayer.BuyFunctionality@59474f18]" started-at="2024-06-15T20:52:49 IST" name="verifyBuyFunctionalityWithLogin" finished-at="2024-06-15T20:53:00 IST" duration-ms="10842" status="PASS">
          <reporter-output>
          </reporter-output>
        </test-method> <!-- verifyBuyFunctionalityWithLogin -->
        <test-method is-config="true" signature="teardown()[pri:0, instance:testlayer.BuyFunctionality@59474f18]" started-at="2024-06-15T20:53:00 IST" name="teardown" finished-at="2024-06-15T20:53:00 IST" duration-ms="235" status="PASS">
          <reporter-output>
          </reporter-output>
        </test-method> <!-- teardown -->
        <test-method is-config="true" signature="stop()[pri:0, instance:testlayer.BuyFunctionality@59474f18]" started-at="2024-06-15T20:53:00 IST" name="stop" finished-at="2024-06-15T20:53:00 IST" duration-ms="6" status="PASS">
          <reporter-output>
          </reporter-output>
        </test-method> <!-- stop -->
      </class> <!-- testlayer.BuyFunctionality -->
    </test> <!-- Default test -->
  </suite> <!-- Default suite -->
</testng-results>
