<?xml version="1.0" encoding="UTF-8"?>
<testng-results ignored="0" total="2" passed="2" failed="0" skipped="0">
  <reporter-output>
  </reporter-output>
  <suite started-at="2024-06-15T11:42:53 IST" name="Suite" finished-at="2024-06-15T11:43:05 IST" duration-ms="11781">
    <groups>
    </groups>
    <test started-at="2024-06-15T11:42:53 IST" name="Test" finished-at="2024-06-15T11:43:05 IST" duration-ms="11781">
      <class name="testlayer.Testlayer">
        <test-method is-config="true" signature="start()[pri:0, instance:testlayer.Testlayer@3270d194]" started-at="2024-06-15T11:42:54 IST" name="start" finished-at="2024-06-15T11:42:54 IST" duration-ms="143" status="PASS">
          <reporter-output>
          </reporter-output>
        </test-method> <!-- start -->
        <test-method is-config="true" signature="setup()[pri:0, instance:testlayer.Testlayer@3270d194]" started-at="2024-06-15T11:42:54 IST" name="setup" finished-at="2024-06-15T11:42:58 IST" duration-ms="4286" status="PASS">
          <reporter-output>
          </reporter-output>
        </test-method> <!-- setup -->
        <test-method signature="verifylogin()[pri:0, instance:testlayer.Testlayer@3270d194]" started-at="2024-06-15T11:42:58 IST" name="verifylogin" finished-at="2024-06-15T11:42:59 IST" duration-ms="625" status="PASS">
          <reporter-output>
          </reporter-output>
        </test-method> <!-- verifylogin -->
        <test-method is-config="true" signature="teardown()[pri:0, instance:testlayer.Testlayer@3270d194]" started-at="2024-06-15T11:42:59 IST" name="teardown" finished-at="2024-06-15T11:42:59 IST" duration-ms="195" status="PASS">
          <reporter-output>
          </reporter-output>
        </test-method> <!-- teardown -->
        <test-method is-config="true" signature="stop()[pri:0, instance:testlayer.Testlayer@3270d194]" started-at="2024-06-15T11:42:59 IST" name="stop" finished-at="2024-06-15T11:42:59 IST" duration-ms="1" status="PASS">
          <reporter-output>
          </reporter-output>
        </test-method> <!-- stop -->
      </class> <!-- testlayer.Testlayer -->
      <class name="testlayer.ContactTest">
        <test-method is-config="true" signature="start()[pri:0, instance:testlayer.ContactTest@7b98f307]" started-at="2024-06-15T11:42:59 IST" name="start" finished-at="2024-06-15T11:42:59 IST" duration-ms="5" status="PASS">
          <reporter-output>
          </reporter-output>
        </test-method> <!-- start -->
        <test-method is-config="true" signature="setup()[pri:0, instance:testlayer.ContactTest@7b98f307]" started-at="2024-06-15T11:42:59 IST" name="setup" finished-at="2024-06-15T11:43:01 IST" duration-ms="2580" status="PASS">
          <reporter-output>
          </reporter-output>
        </test-method> <!-- setup -->
        <test-method signature="contacttest()[pri:0, instance:testlayer.ContactTest@7b98f307]" started-at="2024-06-15T11:43:01 IST" name="contacttest" finished-at="2024-06-15T11:43:05 IST" duration-ms="3679" status="PASS">
          <reporter-output>
          </reporter-output>
        </test-method> <!-- contacttest -->
        <test-method is-config="true" signature="teardown()[pri:0, instance:testlayer.ContactTest@7b98f307]" started-at="2024-06-15T11:43:05 IST" name="teardown" finished-at="2024-06-15T11:43:05 IST" duration-ms="210" status="PASS">
          <reporter-output>
          </reporter-output>
        </test-method> <!-- teardown -->
        <test-method is-config="true" signature="stop()[pri:0, instance:testlayer.ContactTest@7b98f307]" started-at="2024-06-15T11:43:05 IST" name="stop" finished-at="2024-06-15T11:43:05 IST" duration-ms="1" status="PASS">
          <reporter-output>
          </reporter-output>
        </test-method> <!-- stop -->
      </class> <!-- testlayer.ContactTest -->
    </test> <!-- Test -->
  </suite> <!-- Suite -->
</testng-results>
